<?xml version="1.0" encoding="UTF-8"?>
<testsuite name="com.example.querydsl.QuerydslApplicationTests" tests="1" skipped="0" failures="0" errors="0" timestamp="2022-01-25T05:19:35" hostname="seoui-MacBookPro.local" time="0.209">
  <properties/>
  <testcase name="querydsl setting test$querydsl()" classname="com.example.querydsl.QuerydslApplicationTests" time="0.209"/>
  <system-out><![CDATA[14:19:33.134 [Test worker] DEBUG org.springframework.test.context.BootstrapUtils - Instantiating CacheAwareContextLoaderDelegate from class [org.springframework.test.context.cache.DefaultCacheAwareContextLoaderDelegate]
14:19:33.140 [Test worker] DEBUG org.springframework.test.context.BootstrapUtils - Instantiating BootstrapContext using constructor [public org.springframework.test.context.support.DefaultBootstrapContext(java.lang.Class,org.springframework.test.context.CacheAwareContextLoaderDelegate)]
14:19:33.158 [Test worker] DEBUG org.springframework.test.context.BootstrapUtils - Instantiating TestContextBootstrapper for test class [com.example.querydsl.QuerydslApplicationTests] from class [org.springframework.boot.test.context.SpringBootTestContextBootstrapper]
14:19:33.166 [Test worker] INFO org.springframework.boot.test.context.SpringBootTestContextBootstrapper - Neither @ContextConfiguration nor @ContextHierarchy found for test class [com.example.querydsl.QuerydslApplicationTests], using SpringBootContextLoader
14:19:33.168 [Test worker] DEBUG org.springframework.test.context.support.AbstractContextLoader - Did not detect default resource location for test class [com.example.querydsl.QuerydslApplicationTests]: class path resource [com/example/querydsl/QuerydslApplicationTests-context.xml] does not exist
14:19:33.168 [Test worker] DEBUG org.springframework.test.context.support.AbstractContextLoader - Did not detect default resource location for test class [com.example.querydsl.QuerydslApplicationTests]: class path resource [com/example/querydsl/QuerydslApplicationTestsContext.groovy] does not exist
14:19:33.169 [Test worker] INFO org.springframework.test.context.support.AbstractContextLoader - Could not detect default resource locations for test class [com.example.querydsl.QuerydslApplicationTests]: no resource found for suffixes {-context.xml, Context.groovy}.
14:19:33.169 [Test worker] INFO org.springframework.test.context.support.AnnotationConfigContextLoaderUtils - Could not detect default configuration classes for test class [com.example.querydsl.QuerydslApplicationTests]: QuerydslApplicationTests does not declare any static, non-private, non-final, nested classes annotated with @Configuration.
14:19:33.190 [Test worker] DEBUG org.springframework.test.context.support.ActiveProfilesUtils - Could not find an 'annotation declaring class' for annotation type [org.springframework.test.context.ActiveProfiles] and class [com.example.querydsl.QuerydslApplicationTests]
14:19:33.226 [Test worker] DEBUG org.springframework.context.annotation.ClassPathScanningCandidateComponentProvider - Identified candidate component class: file [/Users/seo/Desktop/seo/study_querydsl/querydsl/build/classes/kotlin/main/com/example/querydsl/QuerydslApplication.class]
14:19:33.252 [Test worker] INFO org.springframework.boot.test.context.SpringBootTestContextBootstrapper - Found @SpringBootConfiguration com.example.querydsl.QuerydslApplication for test class com.example.querydsl.QuerydslApplicationTests
14:19:33.306 [Test worker] DEBUG org.springframework.boot.test.context.SpringBootTestContextBootstrapper - @TestExecutionListeners is not present for class [com.example.querydsl.QuerydslApplicationTests]: using defaults.
14:19:33.307 [Test worker] INFO org.springframework.boot.test.context.SpringBootTestContextBootstrapper - Loaded default TestExecutionListener class names from location [META-INF/spring.factories]: [org.springframework.boot.test.autoconfigure.restdocs.RestDocsTestExecutionListener, org.springframework.boot.test.autoconfigure.web.client.MockRestServiceServerResetTestExecutionListener, org.springframework.boot.test.autoconfigure.web.servlet.MockMvcPrintOnlyOnFailureTestExecutionListener, org.springframework.boot.test.autoconfigure.web.servlet.WebDriverTestExecutionListener, org.springframework.boot.test.autoconfigure.webservices.client.MockWebServiceServerTestExecutionListener, org.springframework.boot.test.mock.mockito.MockitoTestExecutionListener, org.springframework.boot.test.mock.mockito.ResetMocksTestExecutionListener, org.springframework.test.context.web.ServletTestExecutionListener, org.springframework.test.context.support.DirtiesContextBeforeModesTestExecutionListener, org.springframework.test.context.event.ApplicationEventsTestExecutionListener, org.springframework.test.context.support.DependencyInjectionTestExecutionListener, org.springframework.test.context.support.DirtiesContextTestExecutionListener, org.springframework.test.context.transaction.TransactionalTestExecutionListener, org.springframework.test.context.jdbc.SqlScriptsTestExecutionListener, org.springframework.test.context.event.EventPublishingTestExecutionListener]
14:19:33.317 [Test worker] INFO org.springframework.boot.test.context.SpringBootTestContextBootstrapper - Using TestExecutionListeners: [org.springframework.test.context.web.ServletTestExecutionListener@6d1310f6, org.springframework.test.context.support.DirtiesContextBeforeModesTestExecutionListener@3228d990, org.springframework.test.context.event.ApplicationEventsTestExecutionListener@54e7391d, org.springframework.boot.test.mock.mockito.MockitoTestExecutionListener@50b8ae8d, org.springframework.boot.test.autoconfigure.SpringBootDependencyInjectionTestExecutionListener@255990cc, org.springframework.test.context.support.DirtiesContextTestExecutionListener@51c929ae, org.springframework.test.context.transaction.TransactionalTestExecutionListener@3c8bdd5b, org.springframework.test.context.jdbc.SqlScriptsTestExecutionListener@29d2d081, org.springframework.test.context.event.EventPublishingTestExecutionListener@40e4ea87, org.springframework.boot.test.autoconfigure.restdocs.RestDocsTestExecutionListener@58783f6c, org.springframework.boot.test.autoconfigure.web.client.MockRestServiceServerResetTestExecutionListener@3a7b503d, org.springframework.boot.test.autoconfigure.web.servlet.MockMvcPrintOnlyOnFailureTestExecutionListener@512d92b, org.springframework.boot.test.autoconfigure.web.servlet.WebDriverTestExecutionListener@62c5bbdc, org.springframework.boot.test.autoconfigure.webservices.client.MockWebServiceServerTestExecutionListener@7bdf6bb7, org.springframework.boot.test.mock.mockito.ResetMocksTestExecutionListener@1bc53649]
14:19:33.319 [Test worker] DEBUG org.springframework.test.context.support.AbstractDirtiesContextTestExecutionListener - Before test class: context [DefaultTestContext@6f0628de testClass = QuerydslApplicationTests, testInstance = [null], testMethod = [null], testException = [null], mergedContextConfiguration = [WebMergedContextConfiguration@3fabf088 testClass = QuerydslApplicationTests, locations = '{}', classes = '{class com.example.querydsl.QuerydslApplication}', contextInitializerClasses = '[]', activeProfiles = '{}', propertySourceLocations = '{}', propertySourceProperties = '{org.springframework.boot.test.context.SpringBootTestContextBootstrapper=true}', contextCustomizers = set[org.springframework.boot.test.autoconfigure.actuate.metrics.MetricsExportContextCustomizerFactory$DisableMetricExportContextCustomizer@488eb7f2, org.springframework.boot.test.autoconfigure.properties.PropertyMappingContextCustomizer@0, org.springframework.boot.test.autoconfigure.web.servlet.WebDriverContextCustomizerFactory$Customizer@21baa903, org.springframework.boot.test.context.filter.ExcludeFilterContextCustomizer@40cb698e, org.springframework.boot.test.json.DuplicateJsonObjectContextCustomizerFactory$DuplicateJsonObjectContextCustomizer@75f65e45, org.springframework.boot.test.mock.mockito.MockitoContextCustomizer@0, org.springframework.boot.test.web.client.TestRestTemplateContextCustomizer@2b5825fa, org.springframework.boot.test.context.SpringBootTestArgs@1, org.springframework.boot.test.context.SpringBootTestWebEnvironment@78fa769e], resourceBasePath = 'src/main/webapp', contextLoader = 'org.springframework.boot.test.context.SpringBootContextLoader', parent = [null]], attributes = map['org.springframework.test.context.web.ServletTestExecutionListener.activateListener' -> true]], class annotated with @DirtiesContext [false] with mode [null].

  .   ____          _            __ _ _
 /\\ / ___'_ __ _ _(_)_ __  __ _ \ \ \ \
( ( )\___ | '_ | '_| | '_ \/ _` | \ \ \ \
 \\/  ___)| |_)| | | | | || (_| |  ) ) ) )
  '  |____| .__|_| |_|_| |_\__, | / / / /
 =========|_|==============|___/=/_/_/_/
 :: Spring Boot ::                (v2.6.3)

2022-01-25 14:19:33.525  INFO 5607 --- [    Test worker] c.e.querydsl.QuerydslApplicationTests    : Starting QuerydslApplicationTests using Java 11.0.13 on seoui-MacBookPro.local with PID 5607 (started by seo in /Users/seo/Desktop/seo/study_querydsl/querydsl)
2022-01-25 14:19:33.526  INFO 5607 --- [    Test worker] c.e.querydsl.QuerydslApplicationTests    : No active profile set, falling back to default profiles: default
2022-01-25 14:19:33.956  INFO 5607 --- [    Test worker] .s.d.r.c.RepositoryConfigurationDelegate : Bootstrapping Spring Data JPA repositories in DEFAULT mode.
2022-01-25 14:19:33.992  INFO 5607 --- [    Test worker] .s.d.r.c.RepositoryConfigurationDelegate : Finished Spring Data repository scanning in 30 ms. Found 1 JPA repository interfaces.
2022-01-25 14:19:34.266  INFO 5607 --- [    Test worker] com.zaxxer.hikari.HikariDataSource       : HikariPool-1 - Starting...
2022-01-25 14:19:34.365  INFO 5607 --- [    Test worker] com.zaxxer.hikari.HikariDataSource       : HikariPool-1 - Start completed.
2022-01-25 14:19:34.416  INFO 5607 --- [    Test worker] o.hibernate.jpa.internal.util.LogHelper  : HHH000204: Processing PersistenceUnitInfo [name: default]
2022-01-25 14:19:34.451  INFO 5607 --- [    Test worker] org.hibernate.Version                    : HHH000412: Hibernate ORM core version 5.6.4.Final
2022-01-25 14:19:34.576  INFO 5607 --- [    Test worker] o.hibernate.annotations.common.Version   : HCANN000001: Hibernate Commons Annotations {5.1.2.Final}
2022-01-25 14:19:34.648  INFO 5607 --- [    Test worker] org.hibernate.dialect.Dialect            : HHH000400: Using dialect: org.hibernate.dialect.H2Dialect
2022-01-25 14:19:34.970  INFO 5607 --- [    Test worker] o.h.e.t.j.p.i.JtaPlatformInitiator       : HHH000490: Using JtaPlatform implementation: [org.hibernate.engine.transaction.jta.platform.internal.NoJtaPlatform]
2022-01-25 14:19:34.974  INFO 5607 --- [    Test worker] j.LocalContainerEntityManagerFactoryBean : Initialized JPA EntityManagerFactory for persistence unit 'default'
2022-01-25 14:19:35.286  WARN 5607 --- [    Test worker] JpaBaseConfiguration$JpaWebConfiguration : spring.jpa.open-in-view is enabled by default. Therefore, database queries may be performed during view rendering. Explicitly configure spring.jpa.open-in-view to disable this warning
2022-01-25 14:19:35.430  INFO 5607 --- [    Test worker] o.s.b.a.h2.H2ConsoleAutoConfiguration    : H2 console available at '/h2-console'. Database available at 'jdbc:h2:mem:testdb'
2022-01-25 14:19:35.573  INFO 5607 --- [    Test worker] c.e.querydsl.QuerydslApplicationTests    : Started QuerydslApplicationTests in 2.224 seconds (JVM running for 2.84)
2022-01-25 14:19:35.591  INFO 5607 --- [    Test worker] o.s.t.c.transaction.TransactionContext   : Began transaction (1) for test context [DefaultTestContext@6f0628de testClass = QuerydslApplicationTests, testInstance = com.example.querydsl.QuerydslApplicationTests@170f0fd6, testMethod = querydsl setting test$querydsl@QuerydslApplicationTests, testException = [null], mergedContextConfiguration = [WebMergedContextConfiguration@3fabf088 testClass = QuerydslApplicationTests, locations = '{}', classes = '{class com.example.querydsl.QuerydslApplication}', contextInitializerClasses = '[]', activeProfiles = '{}', propertySourceLocations = '{}', propertySourceProperties = '{org.springframework.boot.test.context.SpringBootTestContextBootstrapper=true}', contextCustomizers = set[org.springframework.boot.test.autoconfigure.actuate.metrics.MetricsExportContextCustomizerFactory$DisableMetricExportContextCustomizer@488eb7f2, org.springframework.boot.test.autoconfigure.properties.PropertyMappingContextCustomizer@0, org.springframework.boot.test.autoconfigure.web.servlet.WebDriverContextCustomizerFactory$Customizer@21baa903, org.springframework.boot.test.context.filter.ExcludeFilterContextCustomizer@40cb698e, org.springframework.boot.test.json.DuplicateJsonObjectContextCustomizerFactory$DuplicateJsonObjectContextCustomizer@75f65e45, org.springframework.boot.test.mock.mockito.MockitoContextCustomizer@0, org.springframework.boot.test.web.client.TestRestTemplateContextCustomizer@2b5825fa, org.springframework.boot.test.context.SpringBootTestArgs@1, org.springframework.boot.test.context.SpringBootTestWebEnvironment@78fa769e], resourceBasePath = 'src/main/webapp', contextLoader = 'org.springframework.boot.test.context.SpringBootContextLoader', parent = [null]], attributes = map['org.springframework.test.context.web.ServletTestExecutionListener.activateListener' -> true, 'org.springframework.test.context.web.ServletTestExecutionListener.populatedRequestContextHolder' -> true, 'org.springframework.test.context.web.ServletTestExecutionListener.resetRequestContextHolder' -> true, 'org.springframework.test.context.event.ApplicationEventsTestExecutionListener.recordApplicationEvents' -> false]]; transaction manager [org.springframework.orm.jpa.JpaTransactionManager@2559f65c]; rollback [true]
2022-01-25 14:19:35.793  INFO 5607 --- [    Test worker] o.s.t.c.transaction.TransactionContext   : Rolled back transaction for test: [DefaultTestContext@6f0628de testClass = QuerydslApplicationTests, testInstance = com.example.querydsl.QuerydslApplicationTests@170f0fd6, testMethod = querydsl setting test$querydsl@QuerydslApplicationTests, testException = [null], mergedContextConfiguration = [WebMergedContextConfiguration@3fabf088 testClass = QuerydslApplicationTests, locations = '{}', classes = '{class com.example.querydsl.QuerydslApplication}', contextInitializerClasses = '[]', activeProfiles = '{}', propertySourceLocations = '{}', propertySourceProperties = '{org.springframework.boot.test.context.SpringBootTestContextBootstrapper=true}', contextCustomizers = set[org.springframework.boot.test.autoconfigure.actuate.metrics.MetricsExportContextCustomizerFactory$DisableMetricExportContextCustomizer@488eb7f2, org.springframework.boot.test.autoconfigure.properties.PropertyMappingContextCustomizer@0, org.springframework.boot.test.autoconfigure.web.servlet.WebDriverContextCustomizerFactory$Customizer@21baa903, org.springframework.boot.test.context.filter.ExcludeFilterContextCustomizer@40cb698e, org.springframework.boot.test.json.DuplicateJsonObjectContextCustomizerFactory$DuplicateJsonObjectContextCustomizer@75f65e45, org.springframework.boot.test.mock.mockito.MockitoContextCustomizer@0, org.springframework.boot.test.web.client.TestRestTemplateContextCustomizer@2b5825fa, org.springframework.boot.test.context.SpringBootTestArgs@1, org.springframework.boot.test.context.SpringBootTestWebEnvironment@78fa769e], resourceBasePath = 'src/main/webapp', contextLoader = 'org.springframework.boot.test.context.SpringBootContextLoader', parent = [null]], attributes = map['org.springframework.test.context.web.ServletTestExecutionListener.activateListener' -> true, 'org.springframework.test.context.web.ServletTestExecutionListener.populatedRequestContextHolder' -> true, 'org.springframework.test.context.web.ServletTestExecutionListener.resetRequestContextHolder' -> true, 'org.springframework.test.context.event.ApplicationEventsTestExecutionListener.recordApplicationEvents' -> false]]
]]></system-out>
  <system-err><![CDATA[]]></system-err>
</testsuite>
